2026-01-18 23:21:22 - ml_trainer - INFO - Page: Home
2026-01-18 23:21:36 - ml_trainer - INFO - Page: Data Upload
2026-01-18 23:21:51 - ml_trainer - INFO - Loaded 10000 rows from UploadedFile(file_id='e1137724-30ec-41b2-b07f-c7f6f915cafb', name='Churn_Modelling.csv', type='text/csv', size=684858, _file_urls=file_id: "e1137724-30ec-41b2-b07f-c7f6f915cafb"
upload_url: "/_stcore/upload_file/bdb288a1-493a-4490-aec6-2dd58743890c/e1137724-30ec-41b2-b07f-c7f6f915cafb"
delete_url: "/_stcore/upload_file/bdb288a1-493a-4490-aec6-2dd58743890c/e1137724-30ec-41b2-b07f-c7f6f915cafb"
)
2026-01-18 23:21:51 - ml_trainer - INFO - Data quality report generated
2026-01-18 23:24:17 - ml_trainer - INFO - Page: Home
2026-01-18 23:24:24 - ml_trainer - INFO - Page: Data Upload
2026-01-18 23:24:30 - ml_trainer - INFO - Page: Data Upload
2026-01-18 23:24:49 - ml_trainer - INFO - Page: Training
2026-01-18 23:24:54 - ml_trainer - INFO - Page: Training
2026-01-18 23:25:03 - ml_trainer - INFO - Preprocessor fitted on 10000 samples
2026-01-18 23:25:03 - ml_trainer - ERROR - The least populated class in y has only 1 member, which is too few. The minimum number of groups for any class cannot be less than 2.
2026-01-18 23:25:03 - ml_trainer - INFO - Page: Training
2026-01-18 23:27:12 - ml_trainer - INFO - Page: Home
2026-01-18 23:27:24 - ml_trainer - INFO - Page: Data Upload
2026-01-18 23:27:29 - ml_trainer - INFO - Page: Data Upload
2026-01-18 23:27:40 - ml_trainer - INFO - Page: Training
2026-01-18 23:27:45 - ml_trainer - INFO - Preprocessor fitted on 10000 samples
2026-01-18 23:27:45 - ml_trainer - INFO - Created logistic_regression for classification
2026-01-18 23:29:20 - ml_trainer - INFO - Page: Training
2026-01-18 23:29:24 - ml_trainer - INFO - Preprocessor fitted on 10000 samples
2026-01-18 23:29:24 - ml_trainer - INFO - Stratified split: train=8000, test=2000
2026-01-18 23:29:24 - ml_trainer - INFO - Created logistic_regression for classification
2026-01-18 23:29:24 - ml_trainer - INFO - Classification metrics: Accuracy=0.8055
2026-01-18 23:29:24 - ml_trainer - INFO - Model saved: C:\Users\rudra\Downloads\ML_DL_Trainer\data\models\logistic_regression_20260118_232924.pkl
2026-01-18 23:29:24 - ml_trainer - INFO - Page: Training
2026-01-18 23:30:03 - ml_trainer - INFO - Page: Results
2026-01-18 23:32:16 - ml_trainer - INFO - Classification metrics: Accuracy=0.0000
2026-01-19 22:12:55 - ml_trainer - INFO - Preprocessor fitted on 100 samples
2026-01-19 22:12:56 - ml_trainer - INFO - Classification metrics: Accuracy=0.7500
2026-01-19 22:12:56 - ml_trainer - INFO - Regression metrics: RMSE=0.1000, R²=0.9920
